<h2>Hello Blueprint</h2>